CRITICAL - 2023-08-09 06:00:46 --> syntax error, unexpected token "}"
#0 D:\xampp\htdocs\UasSusulanCI4\vendor\codeigniter4\framework\system\Router\Router.php(176): CodeIgniter\Router\Router->autoRoute('auth/logout')
#1 D:\xampp\htdocs\UasSusulanCI4\vendor\codeigniter4\framework\system\CodeIgniter.php(718): CodeIgniter\Router\Router->handle('auth/logout')
#2 D:\xampp\htdocs\UasSusulanCI4\vendor\codeigniter4\framework\system\CodeIgniter.php(359): CodeIgniter\CodeIgniter->tryToRouteIt(Object(CodeIgniter\Router\RouteCollection))
#3 D:\xampp\htdocs\UasSusulanCI4\vendor\codeigniter4\framework\system\CodeIgniter.php(318): CodeIgniter\CodeIgniter->handleRequest(NULL, Object(Config\Cache), false)
#4 D:\xampp\htdocs\UasSusulanCI4\public\index.php(37): CodeIgniter\CodeIgniter->run()
#5 {main}
CRITICAL - 2023-08-09 06:01:17 --> Array and string offset access syntax with curly braces is no longer supported
#0 [internal function]: CodeIgniter\Debug\Exceptions->shutdownHandler()
#1 {main}
CRITICAL - 2023-08-09 06:04:33 --> Cannot use object of type stdClass as array
#0 D:\xampp\htdocs\UasSusulanCI4\vendor\codeigniter4\framework\system\CodeIgniter.php(824): App\Controllers\Auth->loginProcess()
#1 D:\xampp\htdocs\UasSusulanCI4\vendor\codeigniter4\framework\system\CodeIgniter.php(410): CodeIgniter\CodeIgniter->runController(Object(App\Controllers\Auth))
#2 D:\xampp\htdocs\UasSusulanCI4\vendor\codeigniter4\framework\system\CodeIgniter.php(318): CodeIgniter\CodeIgniter->handleRequest(NULL, Object(Config\Cache), false)
#3 D:\xampp\htdocs\UasSusulanCI4\public\index.php(37): CodeIgniter\CodeIgniter->run()
#4 {main}
CRITICAL - 2023-08-09 11:29:55 --> Invalid file: produk/get.php
#0 D:\xampp\htdocs\UasSusulanCI4\vendor\codeigniter4\framework\system\View\View.php(198): CodeIgniter\Exceptions\FrameworkException::forInvalidFile('produk/get.php')
#1 D:\xampp\htdocs\UasSusulanCI4\vendor\codeigniter4\framework\system\Common.php(1097): CodeIgniter\View\View->render('produk/get', Array, true)
#2 D:\xampp\htdocs\UasSusulanCI4\app\Controllers\Produk.php(12): view('produk/get', Array)
#3 D:\xampp\htdocs\UasSusulanCI4\vendor\codeigniter4\framework\system\CodeIgniter.php(824): App\Controllers\Produk->index()
#4 D:\xampp\htdocs\UasSusulanCI4\vendor\codeigniter4\framework\system\CodeIgniter.php(410): CodeIgniter\CodeIgniter->runController(Object(App\Controllers\Produk))
#5 D:\xampp\htdocs\UasSusulanCI4\vendor\codeigniter4\framework\system\CodeIgniter.php(318): CodeIgniter\CodeIgniter->handleRequest(NULL, Object(Config\Cache), false)
#6 D:\xampp\htdocs\UasSusulanCI4\public\index.php(37): CodeIgniter\CodeIgniter->run()
#7 {main}
CRITICAL - 2023-08-09 11:33:00 --> Invalid file: produk/get.php
#0 D:\xampp\htdocs\UasSusulanCI4\vendor\codeigniter4\framework\system\View\View.php(198): CodeIgniter\Exceptions\FrameworkException::forInvalidFile('produk/get.php')
#1 D:\xampp\htdocs\UasSusulanCI4\vendor\codeigniter4\framework\system\Common.php(1097): CodeIgniter\View\View->render('produk/get', Array, true)
#2 D:\xampp\htdocs\UasSusulanCI4\app\Controllers\Produk.php(12): view('produk/get', Array)
#3 D:\xampp\htdocs\UasSusulanCI4\vendor\codeigniter4\framework\system\CodeIgniter.php(824): App\Controllers\Produk->index()
#4 D:\xampp\htdocs\UasSusulanCI4\vendor\codeigniter4\framework\system\CodeIgniter.php(410): CodeIgniter\CodeIgniter->runController(Object(App\Controllers\Produk))
#5 D:\xampp\htdocs\UasSusulanCI4\vendor\codeigniter4\framework\system\CodeIgniter.php(318): CodeIgniter\CodeIgniter->handleRequest(NULL, Object(Config\Cache), false)
#6 D:\xampp\htdocs\UasSusulanCI4\public\index.php(37): CodeIgniter\CodeIgniter->run()
#7 {main}
CRITICAL - 2023-08-09 16:15:47 --> Undefined property: stdClass::$name_gawe
#0 D:\xampp\htdocs\UasSusulanCI4\app\Views\produk\get.php(55): CodeIgniter\Debug\Exceptions->errorHandler(2, 'Undefined prope...', 'D:\\xampp\\htdocs...', 55)
#1 D:\xampp\htdocs\UasSusulanCI4\vendor\codeigniter4\framework\system\View\View.php(214): include('D:\\xampp\\htdocs...')
#2 D:\xampp\htdocs\UasSusulanCI4\vendor\codeigniter4\framework\system\View\View.php(217): CodeIgniter\View\View->CodeIgniter\View\{closure}()
#3 D:\xampp\htdocs\UasSusulanCI4\vendor\codeigniter4\framework\system\Common.php(1097): CodeIgniter\View\View->render('produk/get', Array, true)
#4 D:\xampp\htdocs\UasSusulanCI4\app\Controllers\Produk.php(12): view('produk/get', Array)
#5 D:\xampp\htdocs\UasSusulanCI4\vendor\codeigniter4\framework\system\CodeIgniter.php(824): App\Controllers\Produk->index()
#6 D:\xampp\htdocs\UasSusulanCI4\vendor\codeigniter4\framework\system\CodeIgniter.php(410): CodeIgniter\CodeIgniter->runController(Object(App\Controllers\Produk))
#7 D:\xampp\htdocs\UasSusulanCI4\vendor\codeigniter4\framework\system\CodeIgniter.php(318): CodeIgniter\CodeIgniter->handleRequest(NULL, Object(Config\Cache), false)
#8 D:\xampp\htdocs\UasSusulanCI4\public\index.php(37): CodeIgniter\CodeIgniter->run()
#9 {main}
CRITICAL - 2023-08-09 16:18:27 --> Undefined property: stdClass::$id_produk
#0 D:\xampp\htdocs\UasSusulanCI4\app\Views\produk\edit.php(21): CodeIgniter\Debug\Exceptions->errorHandler(2, 'Undefined prope...', 'D:\\xampp\\htdocs...', 21)
#1 D:\xampp\htdocs\UasSusulanCI4\vendor\codeigniter4\framework\system\View\View.php(214): include('D:\\xampp\\htdocs...')
#2 D:\xampp\htdocs\UasSusulanCI4\vendor\codeigniter4\framework\system\View\View.php(217): CodeIgniter\View\View->CodeIgniter\View\{closure}()
#3 D:\xampp\htdocs\UasSusulanCI4\vendor\codeigniter4\framework\system\Common.php(1097): CodeIgniter\View\View->render('produk/edit', Array, true)
#4 D:\xampp\htdocs\UasSusulanCI4\app\Controllers\Produk.php(47): view('produk/edit', Array)
#5 D:\xampp\htdocs\UasSusulanCI4\vendor\codeigniter4\framework\system\CodeIgniter.php(824): App\Controllers\Produk->edit('1')
#6 D:\xampp\htdocs\UasSusulanCI4\vendor\codeigniter4\framework\system\CodeIgniter.php(410): CodeIgniter\CodeIgniter->runController(Object(App\Controllers\Produk))
#7 D:\xampp\htdocs\UasSusulanCI4\vendor\codeigniter4\framework\system\CodeIgniter.php(318): CodeIgniter\CodeIgniter->handleRequest(NULL, Object(Config\Cache), false)
#8 D:\xampp\htdocs\UasSusulanCI4\public\index.php(37): CodeIgniter\CodeIgniter->run()
#9 {main}
ERROR - 2023-08-09 16:20:52 --> Table 'db_ci4.tb_gawe' doesn't exist
CRITICAL - 2023-08-09 16:20:52 --> Table 'db_ci4.tb_gawe' doesn't exist
#0 D:\xampp\htdocs\UasSusulanCI4\vendor\codeigniter4\framework\system\Database\MySQLi\Connection.php(292): mysqli->query('SELECT *\nFROM `...', 0)
#1 D:\xampp\htdocs\UasSusulanCI4\vendor\codeigniter4\framework\system\Database\BaseConnection.php(670): CodeIgniter\Database\MySQLi\Connection->execute('SELECT *\nFROM `...')
#2 D:\xampp\htdocs\UasSusulanCI4\vendor\codeigniter4\framework\system\Database\BaseConnection.php(598): CodeIgniter\Database\BaseConnection->simpleQuery('SELECT *\nFROM `...')
#3 D:\xampp\htdocs\UasSusulanCI4\vendor\codeigniter4\framework\system\Database\BaseBuilder.php(1443): CodeIgniter\Database\BaseConnection->query('SELECT *\nFROM `...', Array, false)
#4 D:\xampp\htdocs\UasSusulanCI4\app\Controllers\Gawe.php(10): CodeIgniter\Database\BaseBuilder->get()
#5 D:\xampp\htdocs\UasSusulanCI4\vendor\codeigniter4\framework\system\CodeIgniter.php(824): App\Controllers\Gawe->index()
#6 D:\xampp\htdocs\UasSusulanCI4\vendor\codeigniter4\framework\system\CodeIgniter.php(410): CodeIgniter\CodeIgniter->runController(Object(App\Controllers\Gawe))
#7 D:\xampp\htdocs\UasSusulanCI4\vendor\codeigniter4\framework\system\CodeIgniter.php(318): CodeIgniter\CodeIgniter->handleRequest(NULL, Object(Config\Cache), false)
#8 D:\xampp\htdocs\UasSusulanCI4\public\index.php(37): CodeIgniter\CodeIgniter->run()
#9 {main}
CRITICAL - 2023-08-09 16:23:09 --> Invalid file: gawe/get.php
#0 D:\xampp\htdocs\UasSusulanCI4\vendor\codeigniter4\framework\system\View\View.php(198): CodeIgniter\Exceptions\FrameworkException::forInvalidFile('gawe/get.php')
#1 D:\xampp\htdocs\UasSusulanCI4\vendor\codeigniter4\framework\system\Common.php(1097): CodeIgniter\View\View->render('gawe/get', Array, true)
#2 D:\xampp\htdocs\UasSusulanCI4\app\Controllers\Pengguna.php(12): view('gawe/get', Array)
#3 D:\xampp\htdocs\UasSusulanCI4\vendor\codeigniter4\framework\system\CodeIgniter.php(824): App\Controllers\Pengguna->index()
#4 D:\xampp\htdocs\UasSusulanCI4\vendor\codeigniter4\framework\system\CodeIgniter.php(410): CodeIgniter\CodeIgniter->runController(Object(App\Controllers\Pengguna))
#5 D:\xampp\htdocs\UasSusulanCI4\vendor\codeigniter4\framework\system\CodeIgniter.php(318): CodeIgniter\CodeIgniter->handleRequest(NULL, Object(Config\Cache), false)
#6 D:\xampp\htdocs\UasSusulanCI4\public\index.php(37): CodeIgniter\CodeIgniter->run()
#7 {main}
ERROR - 2023-08-09 16:38:53 --> Unknown column 'id_gawe' in 'where clause'
CRITICAL - 2023-08-09 16:38:53 --> Unknown column 'id_gawe' in 'where clause'
#0 D:\xampp\htdocs\UasSusulanCI4\vendor\codeigniter4\framework\system\Database\MySQLi\Connection.php(292): mysqli->query('SELECT *\nFROM `...', 0)
#1 D:\xampp\htdocs\UasSusulanCI4\vendor\codeigniter4\framework\system\Database\BaseConnection.php(670): CodeIgniter\Database\MySQLi\Connection->execute('SELECT *\nFROM `...')
#2 D:\xampp\htdocs\UasSusulanCI4\vendor\codeigniter4\framework\system\Database\BaseConnection.php(598): CodeIgniter\Database\BaseConnection->simpleQuery('SELECT *\nFROM `...')
#3 D:\xampp\htdocs\UasSusulanCI4\vendor\codeigniter4\framework\system\Database\BaseBuilder.php(1576): CodeIgniter\Database\BaseConnection->query('SELECT *\nFROM `...', Array, false)
#4 D:\xampp\htdocs\UasSusulanCI4\app\Controllers\Pengguna.php(44): CodeIgniter\Database\BaseBuilder->getWhere(Array)
#5 D:\xampp\htdocs\UasSusulanCI4\vendor\codeigniter4\framework\system\CodeIgniter.php(824): App\Controllers\Pengguna->edit('4')
#6 D:\xampp\htdocs\UasSusulanCI4\vendor\codeigniter4\framework\system\CodeIgniter.php(410): CodeIgniter\CodeIgniter->runController(Object(App\Controllers\Pengguna))
#7 D:\xampp\htdocs\UasSusulanCI4\vendor\codeigniter4\framework\system\CodeIgniter.php(318): CodeIgniter\CodeIgniter->handleRequest(NULL, Object(Config\Cache), false)
#8 D:\xampp\htdocs\UasSusulanCI4\public\index.php(37): CodeIgniter\CodeIgniter->run()
#9 {main}
CRITICAL - 2023-08-09 16:47:35 --> Undefined property: stdClass::$role
#0 D:\xampp\htdocs\UasSusulanCI4\app\Controllers\Auth.php(28): CodeIgniter\Debug\Exceptions->errorHandler(2, 'Undefined prope...', 'D:\\xampp\\htdocs...', 28)
#1 D:\xampp\htdocs\UasSusulanCI4\vendor\codeigniter4\framework\system\CodeIgniter.php(824): App\Controllers\Auth->loginProcess()
#2 D:\xampp\htdocs\UasSusulanCI4\vendor\codeigniter4\framework\system\CodeIgniter.php(410): CodeIgniter\CodeIgniter->runController(Object(App\Controllers\Auth))
#3 D:\xampp\htdocs\UasSusulanCI4\vendor\codeigniter4\framework\system\CodeIgniter.php(318): CodeIgniter\CodeIgniter->handleRequest(NULL, Object(Config\Cache), false)
#4 D:\xampp\htdocs\UasSusulanCI4\public\index.php(37): CodeIgniter\CodeIgniter->run()
#5 {main}
CRITICAL - 2023-08-09 17:28:14 --> Undefined variable $user
#0 D:\xampp\htdocs\UasSusulanCI4\app\Views\layout\menu.php(20): CodeIgniter\Debug\Exceptions->errorHandler(2, 'Undefined varia...', 'D:\\xampp\\htdocs...', 20)
#1 D:\xampp\htdocs\UasSusulanCI4\vendor\codeigniter4\framework\system\View\View.php(214): include('D:\\xampp\\htdocs...')
#2 D:\xampp\htdocs\UasSusulanCI4\vendor\codeigniter4\framework\system\View\View.php(217): CodeIgniter\View\View->CodeIgniter\View\{closure}()
#3 D:\xampp\htdocs\UasSusulanCI4\vendor\codeigniter4\framework\system\View\View.php(432): CodeIgniter\View\View->render('layout/menu', NULL, true)
#4 D:\xampp\htdocs\UasSusulanCI4\app\Views\layout\default.php(101): CodeIgniter\View\View->include('layout/menu')
#5 D:\xampp\htdocs\UasSusulanCI4\vendor\codeigniter4\framework\system\View\View.php(214): include('D:\\xampp\\htdocs...')
#6 D:\xampp\htdocs\UasSusulanCI4\vendor\codeigniter4\framework\system\View\View.php(217): CodeIgniter\View\View->CodeIgniter\View\{closure}()
#7 D:\xampp\htdocs\UasSusulanCI4\vendor\codeigniter4\framework\system\View\View.php(230): CodeIgniter\View\View->render('layout/default', Array, true)
#8 D:\xampp\htdocs\UasSusulanCI4\vendor\codeigniter4\framework\system\Common.php(1097): CodeIgniter\View\View->render('Anggota', Array, true)
#9 D:\xampp\htdocs\UasSusulanCI4\app\Controllers\Anggota.php(9): view('Anggota')
#10 D:\xampp\htdocs\UasSusulanCI4\vendor\codeigniter4\framework\system\CodeIgniter.php(824): App\Controllers\Anggota->index()
#11 D:\xampp\htdocs\UasSusulanCI4\vendor\codeigniter4\framework\system\CodeIgniter.php(410): CodeIgniter\CodeIgniter->runController(Object(App\Controllers\Anggota))
#12 D:\xampp\htdocs\UasSusulanCI4\vendor\codeigniter4\framework\system\CodeIgniter.php(318): CodeIgniter\CodeIgniter->handleRequest(NULL, Object(Config\Cache), false)
#13 D:\xampp\htdocs\UasSusulanCI4\public\index.php(37): CodeIgniter\CodeIgniter->run()
#14 {main}
CRITICAL - 2023-08-09 17:28:41 --> Undefined variable $user
#0 D:\xampp\htdocs\UasSusulanCI4\app\Views\layout\menu.php(20): CodeIgniter\Debug\Exceptions->errorHandler(2, 'Undefined varia...', 'D:\\xampp\\htdocs...', 20)
#1 D:\xampp\htdocs\UasSusulanCI4\vendor\codeigniter4\framework\system\View\View.php(214): include('D:\\xampp\\htdocs...')
#2 D:\xampp\htdocs\UasSusulanCI4\vendor\codeigniter4\framework\system\View\View.php(217): CodeIgniter\View\View->CodeIgniter\View\{closure}()
#3 D:\xampp\htdocs\UasSusulanCI4\vendor\codeigniter4\framework\system\View\View.php(432): CodeIgniter\View\View->render('layout/menu', NULL, true)
#4 D:\xampp\htdocs\UasSusulanCI4\app\Views\layout\default.php(101): CodeIgniter\View\View->include('layout/menu')
#5 D:\xampp\htdocs\UasSusulanCI4\vendor\codeigniter4\framework\system\View\View.php(214): include('D:\\xampp\\htdocs...')
#6 D:\xampp\htdocs\UasSusulanCI4\vendor\codeigniter4\framework\system\View\View.php(217): CodeIgniter\View\View->CodeIgniter\View\{closure}()
#7 D:\xampp\htdocs\UasSusulanCI4\vendor\codeigniter4\framework\system\View\View.php(230): CodeIgniter\View\View->render('layout/default', Array, true)
#8 D:\xampp\htdocs\UasSusulanCI4\vendor\codeigniter4\framework\system\Common.php(1097): CodeIgniter\View\View->render('Anggota', Array, true)
#9 D:\xampp\htdocs\UasSusulanCI4\app\Controllers\Anggota.php(9): view('Anggota')
#10 D:\xampp\htdocs\UasSusulanCI4\vendor\codeigniter4\framework\system\CodeIgniter.php(824): App\Controllers\Anggota->index()
#11 D:\xampp\htdocs\UasSusulanCI4\vendor\codeigniter4\framework\system\CodeIgniter.php(410): CodeIgniter\CodeIgniter->runController(Object(App\Controllers\Anggota))
#12 D:\xampp\htdocs\UasSusulanCI4\vendor\codeigniter4\framework\system\CodeIgniter.php(318): CodeIgniter\CodeIgniter->handleRequest(NULL, Object(Config\Cache), false)
#13 D:\xampp\htdocs\UasSusulanCI4\public\index.php(37): CodeIgniter\CodeIgniter->run()
#14 {main}
CRITICAL - 2023-08-09 17:56:02 --> Invalid file: anggota/barangmasuk/get.php
#0 D:\xampp\htdocs\UasSusulanCI4\vendor\codeigniter4\framework\system\View\View.php(198): CodeIgniter\Exceptions\FrameworkException::forInvalidFile('anggota/barangm...')
#1 D:\xampp\htdocs\UasSusulanCI4\vendor\codeigniter4\framework\system\Common.php(1097): CodeIgniter\View\View->render('anggota/barangm...', Array, true)
#2 D:\xampp\htdocs\UasSusulanCI4\app\Controllers\Produk.php(30): view('anggota/barangm...', Array)
#3 D:\xampp\htdocs\UasSusulanCI4\vendor\codeigniter4\framework\system\CodeIgniter.php(824): App\Controllers\Produk->cg1()
#4 D:\xampp\htdocs\UasSusulanCI4\vendor\codeigniter4\framework\system\CodeIgniter.php(410): CodeIgniter\CodeIgniter->runController(Object(App\Controllers\Produk))
#5 D:\xampp\htdocs\UasSusulanCI4\vendor\codeigniter4\framework\system\CodeIgniter.php(318): CodeIgniter\CodeIgniter->handleRequest(NULL, Object(Config\Cache), false)
#6 D:\xampp\htdocs\UasSusulanCI4\public\index.php(37): CodeIgniter\CodeIgniter->run()
#7 {main}
CRITICAL - 2023-08-09 17:57:41 --> Invalid file: anggota/barangmasuk/get.php
#0 D:\xampp\htdocs\UasSusulanCI4\vendor\codeigniter4\framework\system\View\View.php(198): CodeIgniter\Exceptions\FrameworkException::forInvalidFile('anggota/barangm...')
#1 D:\xampp\htdocs\UasSusulanCI4\vendor\codeigniter4\framework\system\Common.php(1097): CodeIgniter\View\View->render('anggota/barangm...', Array, true)
#2 D:\xampp\htdocs\UasSusulanCI4\app\Controllers\Produk.php(30): view('anggota/barangm...', Array)
#3 D:\xampp\htdocs\UasSusulanCI4\vendor\codeigniter4\framework\system\CodeIgniter.php(824): App\Controllers\Produk->cg1()
#4 D:\xampp\htdocs\UasSusulanCI4\vendor\codeigniter4\framework\system\CodeIgniter.php(410): CodeIgniter\CodeIgniter->runController(Object(App\Controllers\Produk))
#5 D:\xampp\htdocs\UasSusulanCI4\vendor\codeigniter4\framework\system\CodeIgniter.php(318): CodeIgniter\CodeIgniter->handleRequest(NULL, Object(Config\Cache), false)
#6 D:\xampp\htdocs\UasSusulanCI4\public\index.php(37): CodeIgniter\CodeIgniter->run()
#7 {main}
CRITICAL - 2023-08-09 17:58:00 --> Invalid file: anggota/barangmasuk/get.php
#0 D:\xampp\htdocs\UasSusulanCI4\vendor\codeigniter4\framework\system\View\View.php(198): CodeIgniter\Exceptions\FrameworkException::forInvalidFile('anggota/barangm...')
#1 D:\xampp\htdocs\UasSusulanCI4\vendor\codeigniter4\framework\system\Common.php(1097): CodeIgniter\View\View->render('anggota/barangm...', Array, true)
#2 D:\xampp\htdocs\UasSusulanCI4\app\Controllers\Produk.php(30): view('anggota/barangm...', Array)
#3 D:\xampp\htdocs\UasSusulanCI4\vendor\codeigniter4\framework\system\CodeIgniter.php(824): App\Controllers\Produk->cg1()
#4 D:\xampp\htdocs\UasSusulanCI4\vendor\codeigniter4\framework\system\CodeIgniter.php(410): CodeIgniter\CodeIgniter->runController(Object(App\Controllers\Produk))
#5 D:\xampp\htdocs\UasSusulanCI4\vendor\codeigniter4\framework\system\CodeIgniter.php(318): CodeIgniter\CodeIgniter->handleRequest(NULL, Object(Config\Cache), false)
#6 D:\xampp\htdocs\UasSusulanCI4\public\index.php(37): CodeIgniter\CodeIgniter->run()
#7 {main}
CRITICAL - 2023-08-09 17:58:02 --> Undefined constant "Anggota"
#0 D:\xampp\htdocs\UasSusulanCI4\vendor\codeigniter4\framework\system\View\View.php(214): include()
#1 D:\xampp\htdocs\UasSusulanCI4\vendor\codeigniter4\framework\system\View\View.php(217): CodeIgniter\View\View->CodeIgniter\View\{closure}()
#2 D:\xampp\htdocs\UasSusulanCI4\vendor\codeigniter4\framework\system\View\View.php(432): CodeIgniter\View\View->render('anggota/layout/...', NULL, true)
#3 D:\xampp\htdocs\UasSusulanCI4\app\Views\anggota\layout\default.php(101): CodeIgniter\View\View->include('anggota/layout/...')
#4 D:\xampp\htdocs\UasSusulanCI4\vendor\codeigniter4\framework\system\View\View.php(214): include('D:\\xampp\\htdocs...')
#5 D:\xampp\htdocs\UasSusulanCI4\vendor\codeigniter4\framework\system\View\View.php(217): CodeIgniter\View\View->CodeIgniter\View\{closure}()
#6 D:\xampp\htdocs\UasSusulanCI4\vendor\codeigniter4\framework\system\View\View.php(230): CodeIgniter\View\View->render('anggota/layout/...', Array, true)
#7 D:\xampp\htdocs\UasSusulanCI4\vendor\codeigniter4\framework\system\Common.php(1097): CodeIgniter\View\View->render('anggota/lapbara...', Array, true)
#8 D:\xampp\htdocs\UasSusulanCI4\app\Controllers\Produk.php(21): view('anggota/lapbara...', Array)
#9 D:\xampp\htdocs\UasSusulanCI4\vendor\codeigniter4\framework\system\CodeIgniter.php(824): App\Controllers\Produk->cg()
#10 D:\xampp\htdocs\UasSusulanCI4\vendor\codeigniter4\framework\system\CodeIgniter.php(410): CodeIgniter\CodeIgniter->runController(Object(App\Controllers\Produk))
#11 D:\xampp\htdocs\UasSusulanCI4\vendor\codeigniter4\framework\system\CodeIgniter.php(318): CodeIgniter\CodeIgniter->handleRequest(NULL, Object(Config\Cache), false)
#12 D:\xampp\htdocs\UasSusulanCI4\public\index.php(37): CodeIgniter\CodeIgniter->run()
#13 {main}
CRITICAL - 2023-08-09 17:58:04 --> Undefined constant "Anggota"
#0 D:\xampp\htdocs\UasSusulanCI4\vendor\codeigniter4\framework\system\View\View.php(214): include()
#1 D:\xampp\htdocs\UasSusulanCI4\vendor\codeigniter4\framework\system\View\View.php(217): CodeIgniter\View\View->CodeIgniter\View\{closure}()
#2 D:\xampp\htdocs\UasSusulanCI4\vendor\codeigniter4\framework\system\View\View.php(432): CodeIgniter\View\View->render('anggota/layout/...', NULL, true)
#3 D:\xampp\htdocs\UasSusulanCI4\app\Views\anggota\layout\default.php(101): CodeIgniter\View\View->include('anggota/layout/...')
#4 D:\xampp\htdocs\UasSusulanCI4\vendor\codeigniter4\framework\system\View\View.php(214): include('D:\\xampp\\htdocs...')
#5 D:\xampp\htdocs\UasSusulanCI4\vendor\codeigniter4\framework\system\View\View.php(217): CodeIgniter\View\View->CodeIgniter\View\{closure}()
#6 D:\xampp\htdocs\UasSusulanCI4\vendor\codeigniter4\framework\system\View\View.php(230): CodeIgniter\View\View->render('anggota/layout/...', Array, true)
#7 D:\xampp\htdocs\UasSusulanCI4\vendor\codeigniter4\framework\system\Common.php(1097): CodeIgniter\View\View->render('anggota/lapbara...', Array, true)
#8 D:\xampp\htdocs\UasSusulanCI4\app\Controllers\Produk.php(21): view('anggota/lapbara...', Array)
#9 D:\xampp\htdocs\UasSusulanCI4\vendor\codeigniter4\framework\system\CodeIgniter.php(824): App\Controllers\Produk->cg()
#10 D:\xampp\htdocs\UasSusulanCI4\vendor\codeigniter4\framework\system\CodeIgniter.php(410): CodeIgniter\CodeIgniter->runController(Object(App\Controllers\Produk))
#11 D:\xampp\htdocs\UasSusulanCI4\vendor\codeigniter4\framework\system\CodeIgniter.php(318): CodeIgniter\CodeIgniter->handleRequest(NULL, Object(Config\Cache), false)
#12 D:\xampp\htdocs\UasSusulanCI4\public\index.php(37): CodeIgniter\CodeIgniter->run()
#13 {main}
CRITICAL - 2023-08-09 17:58:04 --> Undefined constant "Anggota"
#0 D:\xampp\htdocs\UasSusulanCI4\vendor\codeigniter4\framework\system\View\View.php(214): include()
#1 D:\xampp\htdocs\UasSusulanCI4\vendor\codeigniter4\framework\system\View\View.php(217): CodeIgniter\View\View->CodeIgniter\View\{closure}()
#2 D:\xampp\htdocs\UasSusulanCI4\vendor\codeigniter4\framework\system\View\View.php(432): CodeIgniter\View\View->render('anggota/layout/...', NULL, true)
#3 D:\xampp\htdocs\UasSusulanCI4\app\Views\anggota\layout\default.php(101): CodeIgniter\View\View->include('anggota/layout/...')
#4 D:\xampp\htdocs\UasSusulanCI4\vendor\codeigniter4\framework\system\View\View.php(214): include('D:\\xampp\\htdocs...')
#5 D:\xampp\htdocs\UasSusulanCI4\vendor\codeigniter4\framework\system\View\View.php(217): CodeIgniter\View\View->CodeIgniter\View\{closure}()
#6 D:\xampp\htdocs\UasSusulanCI4\vendor\codeigniter4\framework\system\View\View.php(230): CodeIgniter\View\View->render('anggota/layout/...', Array, true)
#7 D:\xampp\htdocs\UasSusulanCI4\vendor\codeigniter4\framework\system\Common.php(1097): CodeIgniter\View\View->render('anggota/lapbara...', Array, true)
#8 D:\xampp\htdocs\UasSusulanCI4\app\Controllers\Produk.php(21): view('anggota/lapbara...', Array)
#9 D:\xampp\htdocs\UasSusulanCI4\vendor\codeigniter4\framework\system\CodeIgniter.php(824): App\Controllers\Produk->cg()
#10 D:\xampp\htdocs\UasSusulanCI4\vendor\codeigniter4\framework\system\CodeIgniter.php(410): CodeIgniter\CodeIgniter->runController(Object(App\Controllers\Produk))
#11 D:\xampp\htdocs\UasSusulanCI4\vendor\codeigniter4\framework\system\CodeIgniter.php(318): CodeIgniter\CodeIgniter->handleRequest(NULL, Object(Config\Cache), false)
#12 D:\xampp\htdocs\UasSusulanCI4\public\index.php(37): CodeIgniter\CodeIgniter->run()
#13 {main}
